<?xml version="1.0" encoding="UTF-8"?>
<testng-results skipped="0" failed="0" ignored="0" total="1" passed="1">
  <reporter-output>
  </reporter-output>
  <suite name="Default suite" duration-ms="6884" started-at="2020-03-31T14:18:50 MDT" finished-at="2020-03-31T14:18:57 MDT">
    <groups>
    </groups>
    <test name="Default test" duration-ms="6884" started-at="2020-03-31T14:18:50 MDT" finished-at="2020-03-31T14:18:57 MDT">
      <class name="com.restAssure.TC03_GET_Request">
        <test-method status="PASS" signature="Getheaders()[pri:0, instance:com.restAssure.TC03_GET_Request@610694f1]" name="Getheaders" duration-ms="6785" started-at="2020-03-31T14:18:50 MDT" finished-at="2020-03-31T14:18:57 MDT">
          <reporter-output>
          </reporter-output>
        </test-method> <!-- Getheaders -->
      </class> <!-- com.restAssure.TC03_GET_Request -->
    </test> <!-- Default test -->
  </suite> <!-- Default suite -->
</testng-results>
